0 info it worked if it ends with ok
1 verbose cli [ 'C:\\Program Files\\nodejs\\\\node.exe',
1 verbose cli   'C:\\Program Files\\nodejs\\node_modules\\npm\\bin\\npm-cli.js',
1 verbose cli   'start' ]
2 info using npm@2.13.2
3 info using node@v0.10.32
4 verbose run-script [ 'prestart', 'start', 'poststart' ]
5 info prestart myBus@0.0.0
6 info start myBus@0.0.0
7 verbose unsafe-perm in lifecycle true
8 info myBus@0.0.0 Failed to exec start script
9 verbose stack Error: myBus@0.0.0 start: `node ./bin/www`
9 verbose stack Exit status 8
9 verbose stack     at EventEmitter.<anonymous> (C:\Program Files\nodejs\node_modules\npm\lib\utils\lifecycle.js:214:16)
9 verbose stack     at EventEmitter.emit (events.js:98:17)
9 verbose stack     at ChildProcess.<anonymous> (C:\Program Files\nodejs\node_modules\npm\lib\utils\spawn.js:24:14)
9 verbose stack     at ChildProcess.emit (events.js:98:17)
9 verbose stack     at maybeClose (child_process.js:756:16)
9 verbose stack     at Process.ChildProcess._handle.onexit (child_process.js:823:5)
10 verbose pkgid myBus@0.0.0
11 verbose cwd C:\Statup\bus\myBus
12 error Windows_NT 6.1.7601
13 error argv "C:\\Program Files\\nodejs\\\\node.exe" "C:\\Program Files\\nodejs\\node_modules\\npm\\bin\\npm-cli.js" "start"
14 error node v0.10.32
15 error npm  v2.13.2
16 error code ELIFECYCLE
17 error myBus@0.0.0 start: `node ./bin/www`
17 error Exit status 8
18 error Failed at the myBus@0.0.0 start script 'node ./bin/www'.
18 error This is most likely a problem with the myBus package,
18 error not with npm itself.
18 error Tell the author that this fails on your system:
18 error     node ./bin/www
18 error You can get their info via:
18 error     npm owner ls myBus
18 error There is likely additional logging output above.
19 verbose exit [ 1, true ]
